# JRE version: OpenJDK Runtime Environment (8.0_242) (build 1.8.0_242-release-1644-b3-6222593)
# Java VM: OpenJDK 64-Bit Server VM (25.242-b3-6222593 mixed mode linux-amd64 compressed oops)
Heap:
 PSYoungGen      total 412672K, used 25461K [0x00000000d5580000, 0x00000000f3580000, 0x0000000100000000)
  eden space 362496K, 0% used [0x00000000d5580000,0x00000000d5580000,0x00000000eb780000)
  from space 50176K, 50% used [0x00000000eb780000,0x00000000ed05d4a8,0x00000000ee880000)
  to   space 37888K, 0% used [0x00000000ee880000,0x00000000ee880000,0x00000000f0d80000)
 ParOldGen       total 154112K, used 98662K [0x0000000080000000, 0x0000000089680000, 0x00000000d5580000)
  object space 154112K, 64% used [0x0000000080000000,0x0000000086059958,0x0000000089680000)
 Metaspace       used 97141K, capacity 101718K, committed 102168K, reserved 1138688K
  class space    used 12865K, capacity 13746K, committed 13856K, reserved 1048576K
GC Heap History (10 events):
Event: 28.758 GC heap after
Heap after GC invocations=18 (full 3):
 PSYoungGen      total 300032K, used 26081K [0x00000000d5580000, 0x00000000ed300000, 0x0000000100000000)
  eden space 273920K, 0% used [0x00000000d5580000,0x00000000d5580000,0x00000000e6100000)
  from space 26112K, 99% used [0x00000000e6100000,0x00000000e7a785f8,0x00000000e7a80000)
  to   space 32256K, 0% used [0x00000000eb380000,0x00000000eb380000,0x00000000ed300000)
 ParOldGen       total 84480K, used 38991K [0x0000000080000000, 0x0000000085280000, 0x00000000d5580000)
  object space 84480K, 46% used [0x0000000080000000,0x0000000082613dd0,0x0000000085280000)
 Metaspace       used 68295K, capacity 71382K, committed 71704K, reserved 1112064K
  class space    used 9298K, capacity 9900K, committed 10016K, reserved 1048576K
}
Event: 43.138 GC heap before
{Heap before GC invocations=19 (full 3):
 PSYoungGen      total 300032K, used 300001K [0x00000000d5580000, 0x00000000ed300000, 0x0000000100000000)
  eden space 273920K, 100% used [0x00000000d5580000,0x00000000e6100000,0x00000000e6100000)
  from space 26112K, 99% used [0x00000000e6100000,0x00000000e7a785f8,0x00000000e7a80000)
  to   space 32256K, 0% used [0x00000000eb380000,0x00000000eb380000,0x00000000ed300000)
 ParOldGen       total 84480K, used 38991K [0x0000000080000000, 0x0000000085280000, 0x00000000d5580000)
  object space 84480K, 46% used [0x0000000080000000,0x0000000082613dd0,0x0000000085280000)
 Metaspace       used 75511K, capacity 78988K, committed 79128K, reserved 1118208K
  class space    used 10300K, capacity 10981K, committed 11040K, reserved 1048576K
Event: 43.225 GC heap after
Heap after GC invocations=19 (full 3):
 PSYoungGen      total 357888K, used 18979K [0x00000000d5580000, 0x00000000ed700000, 0x0000000100000000)
  eden space 325632K, 0% used [0x00000000d5580000,0x00000000d5580000,0x00000000e9380000)
  from space 32256K, 58% used [0x00000000eb380000,0x00000000ec608d90,0x00000000ed300000)
  to   space 32768K, 0% used [0x00000000e9380000,0x00000000e9380000,0x00000000eb380000)
 ParOldGen       total 84480K, used 61865K [0x0000000080000000, 0x0000000085280000, 0x00000000d5580000)
  object space 84480K, 73% used [0x0000000080000000,0x0000000083c6a570,0x0000000085280000)
 Metaspace       used 75511K, capacity 78988K, committed 79128K, reserved 1118208K
  class space    used 10300K, capacity 10981K, committed 11040K, reserved 1048576K
}
Event: 46.037 GC heap before
{Heap before GC invocations=20 (full 3):
 PSYoungGen      total 357888K, used 344611K [0x00000000d5580000, 0x00000000ed700000, 0x0000000100000000)
  eden space 325632K, 100% used [0x00000000d5580000,0x00000000e9380000,0x00000000e9380000)
  from space 32256K, 58% used [0x00000000eb380000,0x00000000ec608d90,0x00000000ed300000)
  to   space 32768K, 0% used [0x00000000e9380000,0x00000000e9380000,0x00000000eb380000)
 ParOldGen       total 84480K, used 61865K [0x0000000080000000, 0x0000000085280000, 0x00000000d5580000)
  object space 84480K, 73% used [0x0000000080000000,0x0000000083c6a570,0x0000000085280000)
 Metaspace       used 81628K, capacity 85178K, committed 85400K, reserved 1122304K
  class space    used 10906K, capacity 11603K, committed 11680K, reserved 1048576K
Event: 46.108 GC heap after
Heap after GC invocations=20 (full 3):
 PSYoungGen      total 358400K, used 30996K [0x00000000d5580000, 0x00000000f0d80000, 0x0000000100000000)
  eden space 325632K, 0% used [0x00000000d5580000,0x00000000d5580000,0x00000000e9380000)
  from space 32768K, 94% used [0x00000000e9380000,0x00000000eb1c5328,0x00000000eb380000)
  to   space 37888K, 0% used [0x00000000ee880000,0x00000000ee880000,0x00000000f0d80000)
 ParOldGen       total 84480K, used 61873K [0x0000000080000000, 0x0000000085280000, 0x00000000d5580000)
  object space 84480K, 73% used [0x0000000080000000,0x0000000083c6c570,0x0000000085280000)
 Metaspace       used 81628K, capacity 85178K, committed 85400K, reserved 1122304K
  class space    used 10906K, capacity 11603K, committed 11680K, reserved 1048576K
}
Event: 59.053 GC heap before
{Heap before GC invocations=21 (full 3):
 PSYoungGen      total 358400K, used 320430K [0x00000000d5580000, 0x00000000f0d80000, 0x0000000100000000)
  eden space 325632K, 88% used [0x00000000d5580000,0x00000000e7026788,0x00000000e9380000)
  from space 32768K, 94% used [0x00000000e9380000,0x00000000eb1c5328,0x00000000eb380000)
  to   space 37888K, 0% used [0x00000000ee880000,0x00000000ee880000,0x00000000f0d80000)
 ParOldGen       total 84480K, used 61873K [0x0000000080000000, 0x0000000085280000, 0x00000000d5580000)
  object space 84480K, 73% used [0x0000000080000000,0x0000000083c6c570,0x0000000085280000)
 Metaspace       used 93740K, capacity 98526K, committed 98584K, reserved 1134592K
  class space    used 12684K, capacity 13593K, committed 13600K, reserved 1048576K
Event: 59.925 GC heap after
Heap after GC invocations=21 (full 3):
 PSYoungGen      total 400384K, used 37885K [0x00000000d5580000, 0x00000000f3580000, 0x0000000100000000)
  eden space 362496K, 0% used [0x00000000d5580000,0x00000000d5580000,0x00000000eb780000)
  from space 37888K, 99% used [0x00000000ee880000,0x00000000f0d7f460,0x00000000f0d80000)
  to   space 50176K, 0% used [0x00000000eb780000,0x00000000eb780000,0x00000000ee880000)
 ParOldGen       total 84480K, used 78230K [0x0000000080000000, 0x0000000085280000, 0x00000000d5580000)
  object space 84480K, 92% used [0x0000000080000000,0x0000000084c65978,0x0000000085280000)
 Metaspace       used 93740K, capacity 98526K, committed 98584K, reserved 1134592K
  class space    used 12684K, capacity 13593K, committed 13600K, reserved 1048576K
}
Event: 59.926 GC heap before
{Heap before GC invocations=22 (full 4):
 PSYoungGen      total 400384K, used 37885K [0x00000000d5580000, 0x00000000f3580000, 0x0000000100000000)
  eden space 362496K, 0% used [0x00000000d5580000,0x00000000d5580000,0x00000000eb780000)
  from space 37888K, 99% used [0x00000000ee880000,0x00000000f0d7f460,0x00000000f0d80000)
  to   space 50176K, 0% used [0x00000000eb780000,0x00000000eb780000,0x00000000ee880000)
 ParOldGen       total 84480K, used 78230K [0x0000000080000000, 0x0000000085280000, 0x00000000d5580000)
  object space 84480K, 92% used [0x0000000080000000,0x0000000084c65978,0x0000000085280000)
 Metaspace       used 93740K, capacity 98526K, committed 98584K, reserved 1134592K
  class space    used 12684K, capacity 13593K, committed 13600K, reserved 1048576K
Event: 60.813 GC heap after
Heap after GC invocations=22 (full 4):
 PSYoungGen      total 400384K, used 24817K [0x00000000d5580000, 0x00000000f3580000, 0x0000000100000000)
  eden space 362496K, 0% used [0x00000000d5580000,0x00000000d5580000,0x00000000eb780000)
  from space 37888K, 65% used [0x00000000ee880000,0x00000000f00bc458,0x00000000f0d80000)
  to   space 50176K, 0% used [0x00000000eb780000,0x00000000eb780000,0x00000000ee880000)
 ParOldGen       total 154112K, used 84143K [0x0000000080000000, 0x0000000089680000, 0x00000000d5580000)
  object space 154112K, 54% used [0x0000000080000000,0x000000008522bd50,0x0000000089680000)
 Metaspace       used 93600K, capacity 98132K, committed 98584K, reserved 1134592K
  class space    used 12644K, capacity 13525K, committed 13600K, reserved 1048576K
}
Event: 446.939 GC heap before
{Heap before GC invocations=23 (full 4):
 PSYoungGen      total 400384K, used 387313K [0x00000000d5580000, 0x00000000f3580000, 0x0000000100000000)
  eden space 362496K, 100% used [0x00000000d5580000,0x00000000eb780000,0x00000000eb780000)
  from space 37888K, 65% used [0x00000000ee880000,0x00000000f00bc458,0x00000000f0d80000)
  to   space 50176K, 0% used [0x00000000eb780000,0x00000000eb780000,0x00000000ee880000)
 ParOldGen       total 154112K, used 84143K [0x0000000080000000, 0x0000000089680000, 0x00000000d5580000)
  object space 154112K, 54% used [0x0000000080000000,0x000000008522bd50,0x0000000089680000)
 Metaspace       used 97141K, capacity 101718K, committed 102168K, reserved 1138688K
  class space    used 12865K, capacity 13746K, committed 13856K, reserved 1048576K

