# JRE version: OpenJDK Runtime Environment (8.0_242) (build 1.8.0_242-release-1644-b3-6222593)
# Java VM: OpenJDK 64-Bit Server VM (25.242-b3-6222593 mixed mode linux-amd64 compressed oops)
Heap:
 PSYoungGen      total 269824K, used 33251K [0x00000000d5580000, 0x00000000e7d80000, 0x0000000100000000)
  eden space 236544K, 0% used [0x00000000d5580000,0x00000000d5580000,0x00000000e3c80000)
  from space 33280K, 99% used [0x00000000e3c80000,0x00000000e5cf8f18,0x00000000e5d00000)
  to   space 33280K, 0% used [0x00000000e5d00000,0x00000000e5d00000,0x00000000e7d80000)
 ParOldGen       total 135168K, used 100538K [0x0000000080000000, 0x0000000088400000, 0x00000000d5580000)
  object space 135168K, 74% used [0x0000000080000000,0x000000008622ea08,0x0000000088400000)
 Metaspace       used 93399K, capacity 98070K, committed 98136K, reserved 1134592K
  class space    used 12514K, capacity 13409K, committed 13440K, reserved 1048576K
GC Heap History (10 events):
Event: 659.354 GC heap after
Heap after GC invocations=24 (full 3):
 PSYoungGen      total 207360K, used 13511K [0x00000000d5580000, 0x00000000e5180000, 0x0000000100000000)
  eden space 180224K, 0% used [0x00000000d5580000,0x00000000d5580000,0x00000000e0580000)
  from space 27136K, 49% used [0x00000000e0580000,0x00000000e12b1cf8,0x00000000e2000000)
  to   space 26624K, 0% used [0x00000000e3780000,0x00000000e3780000,0x00000000e5180000)
 ParOldGen       total 78848K, used 77912K [0x0000000080000000, 0x0000000084d00000, 0x00000000d5580000)
  object space 78848K, 98% used [0x0000000080000000,0x0000000084c161d0,0x0000000084d00000)
 Metaspace       used 76862K, capacity 80362K, committed 80472K, reserved 1118208K
  class space    used 10421K, capacity 11086K, committed 11136K, reserved 1048576K
}
Event: 659.355 GC heap before
{Heap before GC invocations=25 (full 4):
 PSYoungGen      total 207360K, used 13511K [0x00000000d5580000, 0x00000000e5180000, 0x0000000100000000)
  eden space 180224K, 0% used [0x00000000d5580000,0x00000000d5580000,0x00000000e0580000)
  from space 27136K, 49% used [0x00000000e0580000,0x00000000e12b1cf8,0x00000000e2000000)
  to   space 26624K, 0% used [0x00000000e3780000,0x00000000e3780000,0x00000000e5180000)
 ParOldGen       total 78848K, used 77912K [0x0000000080000000, 0x0000000084d00000, 0x00000000d5580000)
  object space 78848K, 98% used [0x0000000080000000,0x0000000084c161d0,0x0000000084d00000)
 Metaspace       used 76862K, capacity 80362K, committed 80472K, reserved 1118208K
  class space    used 10421K, capacity 11086K, committed 11136K, reserved 1048576K
Event: 659.957 GC heap after
Heap after GC invocations=25 (full 4):
 PSYoungGen      total 207360K, used 0K [0x00000000d5580000, 0x00000000e5180000, 0x0000000100000000)
  eden space 180224K, 0% used [0x00000000d5580000,0x00000000d5580000,0x00000000e0580000)
  from space 27136K, 0% used [0x00000000e0580000,0x00000000e0580000,0x00000000e2000000)
  to   space 26624K, 0% used [0x00000000e3780000,0x00000000e3780000,0x00000000e5180000)
 ParOldGen       total 135168K, used 73804K [0x0000000080000000, 0x0000000088400000, 0x00000000d5580000)
  object space 135168K, 54% used [0x0000000080000000,0x0000000084813188,0x0000000088400000)
 Metaspace       used 76779K, capacity 80118K, committed 80472K, reserved 1118208K
  class space    used 10394K, capacity 11038K, committed 11136K, reserved 1048576K
}
Event: 662.402 GC heap before
{Heap before GC invocations=26 (full 4):
 PSYoungGen      total 207360K, used 180224K [0x00000000d5580000, 0x00000000e5180000, 0x0000000100000000)
  eden space 180224K, 100% used [0x00000000d5580000,0x00000000e0580000,0x00000000e0580000)
  from space 27136K, 0% used [0x00000000e0580000,0x00000000e0580000,0x00000000e2000000)
  to   space 26624K, 0% used [0x00000000e3780000,0x00000000e3780000,0x00000000e5180000)
 ParOldGen       total 135168K, used 73804K [0x0000000080000000, 0x0000000088400000, 0x00000000d5580000)
  object space 135168K, 54% used [0x0000000080000000,0x0000000084813188,0x0000000088400000)
 Metaspace       used 84772K, capacity 88436K, committed 88664K, reserved 1126400K
  class space    used 11341K, capacity 12076K, committed 12160K, reserved 1048576K
Event: 662.444 GC heap after
Heap after GC invocations=26 (full 4):
 PSYoungGen      total 229888K, used 19969K [0x00000000d5580000, 0x00000000e5600000, 0x0000000100000000)
  eden space 203264K, 0% used [0x00000000d5580000,0x00000000d5580000,0x00000000e1c00000)
  from space 26624K, 75% used [0x00000000e3780000,0x00000000e4b00520,0x00000000e5180000)
  to   space 28160K, 0% used [0x00000000e1c00000,0x00000000e1c00000,0x00000000e3780000)
 ParOldGen       total 135168K, used 73812K [0x0000000080000000, 0x0000000088400000, 0x00000000d5580000)
  object space 135168K, 54% used [0x0000000080000000,0x0000000084815188,0x0000000088400000)
 Metaspace       used 84772K, capacity 88436K, committed 88664K, reserved 1126400K
  class space    used 11341K, capacity 12076K, committed 12160K, reserved 1048576K
}
Event: 664.842 GC heap before
{Heap before GC invocations=27 (full 4):
 PSYoungGen      total 229888K, used 223233K [0x00000000d5580000, 0x00000000e5600000, 0x0000000100000000)
  eden space 203264K, 100% used [0x00000000d5580000,0x00000000e1c00000,0x00000000e1c00000)
  from space 26624K, 75% used [0x00000000e3780000,0x00000000e4b00520,0x00000000e5180000)
  to   space 28160K, 0% used [0x00000000e1c00000,0x00000000e1c00000,0x00000000e3780000)
 ParOldGen       total 135168K, used 73812K [0x0000000080000000, 0x0000000088400000, 0x00000000d5580000)
  object space 135168K, 54% used [0x0000000080000000,0x0000000084815188,0x0000000088400000)
 Metaspace       used 92052K, capacity 96552K, committed 96728K, reserved 1132544K
  class space    used 12381K, capacity 13250K, committed 13312K, reserved 1048576K
Event: 664.899 GC heap after
Heap after GC invocations=27 (full 4):
 PSYoungGen      total 231424K, used 28145K [0x00000000d5580000, 0x00000000e7f00000, 0x0000000100000000)
  eden space 203264K, 0% used [0x00000000d5580000,0x00000000d5580000,0x00000000e1c00000)
  from space 28160K, 99% used [0x00000000e1c00000,0x00000000e377c658,0x00000000e3780000)
  to   space 34816K, 0% used [0x00000000e5d00000,0x00000000e5d00000,0x00000000e7f00000)
 ParOldGen       total 135168K, used 79114K [0x0000000080000000, 0x0000000088400000, 0x00000000d5580000)
  object space 135168K, 58% used [0x0000000080000000,0x0000000084d42ae8,0x0000000088400000)
 Metaspace       used 92052K, capacity 96552K, committed 96728K, reserved 1132544K
  class space    used 12381K, capacity 13250K, committed 13312K, reserved 1048576K
}
Event: 667.167 GC heap before
{Heap before GC invocations=28 (full 4):
 PSYoungGen      total 231424K, used 231409K [0x00000000d5580000, 0x00000000e7f00000, 0x0000000100000000)
  eden space 203264K, 100% used [0x00000000d5580000,0x00000000e1c00000,0x00000000e1c00000)
  from space 28160K, 99% used [0x00000000e1c00000,0x00000000e377c658,0x00000000e3780000)
  to   space 34816K, 0% used [0x00000000e5d00000,0x00000000e5d00000,0x00000000e7f00000)
 ParOldGen       total 135168K, used 79114K [0x0000000080000000, 0x0000000088400000, 0x00000000d5580000)
  object space 135168K, 58% used [0x0000000080000000,0x0000000084d42ae8,0x0000000088400000)
 Metaspace       used 92924K, capacity 97542K, committed 97624K, reserved 1134592K
  class space    used 12489K, capacity 13371K, committed 13440K, reserved 1048576K
Event: 667.244 GC heap after
Heap after GC invocations=28 (full 4):
 PSYoungGen      total 269824K, used 15511K [0x00000000d5580000, 0x00000000e7d80000, 0x0000000100000000)
  eden space 236544K, 0% used [0x00000000d5580000,0x00000000d5580000,0x00000000e3c80000)
  from space 33280K, 46% used [0x00000000e5d00000,0x00000000e6c25db8,0x00000000e7d80000)
  to   space 33280K, 0% used [0x00000000e3c80000,0x00000000e3c80000,0x00000000e5d00000)
 ParOldGen       total 135168K, used 93362K [0x0000000080000000, 0x0000000088400000, 0x00000000d5580000)
  object space 135168K, 69% used [0x0000000080000000,0x0000000085b2ca68,0x0000000088400000)
 Metaspace       used 92924K, capacity 97542K, committed 97624K, reserved 1134592K
  class space    used 12489K, capacity 13371K, committed 13440K, reserved 1048576K
}
Event: 668.633 GC heap before
{Heap before GC invocations=29 (full 4):
 PSYoungGen      total 269824K, used 252055K [0x00000000d5580000, 0x00000000e7d80000, 0x0000000100000000)
  eden space 236544K, 100% used [0x00000000d5580000,0x00000000e3c80000,0x00000000e3c80000)
  from space 33280K, 46% used [0x00000000e5d00000,0x00000000e6c25db8,0x00000000e7d80000)
  to   space 33280K, 0% used [0x00000000e3c80000,0x00000000e3c80000,0x00000000e5d00000)
 ParOldGen       total 135168K, used 93362K [0x0000000080000000, 0x0000000088400000, 0x00000000d5580000)
  object space 135168K, 69% used [0x0000000080000000,0x0000000085b2ca68,0x0000000088400000)
 Metaspace       used 93399K, capacity 98070K, committed 98136K, reserved 1134592K
  class space    used 12514K, capacity 13409K, committed 13440K, reserved 1048576K

