# JRE version: OpenJDK Runtime Environment (8.0_242) (build 1.8.0_242-release-1644-b3-6222593)
# Java VM: OpenJDK 64-Bit Server VM (25.242-b3-6222593 mixed mode linux-amd64 compressed oops)
Heap:
 PSYoungGen      total 67584K, used 7154K [0x00000000d5580000, 0x00000000d9f80000, 0x0000000100000000)
  eden space 60416K, 0% used [0x00000000d5580000,0x00000000d5580000,0x00000000d9080000)
  from space 7168K, 99% used [0x00000000d9080000,0x00000000d977c808,0x00000000d9780000)
  to   space 6144K, 0% used [0x00000000d9780000,0x00000000d9780000,0x00000000d9d80000)
 ParOldGen       total 40960K, used 7677K [0x0000000080000000, 0x0000000082800000, 0x00000000d5580000)
  object space 40960K, 18% used [0x0000000080000000,0x000000008077f558,0x0000000082800000)
 Metaspace       used 20110K, capacity 20780K, committed 20992K, reserved 1067008K
  class space    used 2803K, capacity 3014K, committed 3072K, reserved 1048576K
GC Heap History (10 events):
Event: 1.978 GC heap after
Heap after GC invocations=2 (full 0):
 PSYoungGen      total 17920K, used 2538K [0x00000000d5580000, 0x00000000d6980000, 0x0000000100000000)
  eden space 15360K, 0% used [0x00000000d5580000,0x00000000d5580000,0x00000000d6480000)
  from space 2560K, 99% used [0x00000000d6700000,0x00000000d697aa88,0x00000000d6980000)
  to   space 2560K, 0% used [0x00000000d6480000,0x00000000d6480000,0x00000000d6700000)
 ParOldGen       total 40960K, used 1104K [0x0000000080000000, 0x0000000082800000, 0x00000000d5580000)
  object space 40960K, 2% used [0x0000000080000000,0x0000000080114098,0x0000000082800000)
 Metaspace       used 7458K, capacity 7688K, committed 7936K, reserved 1056768K
  class space    used 925K, capacity 1007K, committed 1024K, reserved 1048576K
}
Event: 2.137 GC heap before
{Heap before GC invocations=3 (full 0):
 PSYoungGen      total 17920K, used 17898K [0x00000000d5580000, 0x00000000d6980000, 0x0000000100000000)
  eden space 15360K, 100% used [0x00000000d5580000,0x00000000d6480000,0x00000000d6480000)
  from space 2560K, 99% used [0x00000000d6700000,0x00000000d697aa88,0x00000000d6980000)
  to   space 2560K, 0% used [0x00000000d6480000,0x00000000d6480000,0x00000000d6700000)
 ParOldGen       total 40960K, used 1104K [0x0000000080000000, 0x0000000082800000, 0x00000000d5580000)
  object space 40960K, 2% used [0x0000000080000000,0x0000000080114098,0x0000000082800000)
 Metaspace       used 7588K, capacity 7816K, committed 7936K, reserved 1056768K
  class space    used 933K, capacity 1007K, committed 1024K, reserved 1048576K
Event: 2.141 GC heap after
Heap after GC invocations=3 (full 0):
 PSYoungGen      total 17920K, used 2508K [0x00000000d5580000, 0x00000000d7880000, 0x0000000100000000)
  eden space 15360K, 0% used [0x00000000d5580000,0x00000000d5580000,0x00000000d6480000)
  from space 2560K, 97% used [0x00000000d6480000,0x00000000d66f3180,0x00000000d6700000)
  to   space 2560K, 0% used [0x00000000d7600000,0x00000000d7600000,0x00000000d7880000)
 ParOldGen       total 40960K, used 1112K [0x0000000080000000, 0x0000000082800000, 0x00000000d5580000)
  object space 40960K, 2% used [0x0000000080000000,0x0000000080116098,0x0000000082800000)
 Metaspace       used 7588K, capacity 7816K, committed 7936K, reserved 1056768K
  class space    used 933K, capacity 1007K, committed 1024K, reserved 1048576K
}
Event: 2.379 GC heap before
{Heap before GC invocations=4 (full 0):
 PSYoungGen      total 17920K, used 17868K [0x00000000d5580000, 0x00000000d7880000, 0x0000000100000000)
  eden space 15360K, 100% used [0x00000000d5580000,0x00000000d6480000,0x00000000d6480000)
  from space 2560K, 97% used [0x00000000d6480000,0x00000000d66f3180,0x00000000d6700000)
  to   space 2560K, 0% used [0x00000000d7600000,0x00000000d7600000,0x00000000d7880000)
 ParOldGen       total 40960K, used 1112K [0x0000000080000000, 0x0000000082800000, 0x00000000d5580000)
  object space 40960K, 2% used [0x0000000080000000,0x0000000080116098,0x0000000082800000)
 Metaspace       used 7924K, capacity 8224K, committed 8320K, reserved 1056768K
  class space    used 1004K, capacity 1079K, committed 1152K, reserved 1048576K
Event: 2.384 GC heap after
Heap after GC invocations=4 (full 0):
 PSYoungGen      total 33280K, used 2528K [0x00000000d5580000, 0x00000000d7880000, 0x0000000100000000)
  eden space 30720K, 0% used [0x00000000d5580000,0x00000000d5580000,0x00000000d7380000)
  from space 2560K, 98% used [0x00000000d7600000,0x00000000d7878020,0x00000000d7880000)
  to   space 2560K, 0% used [0x00000000d7380000,0x00000000d7380000,0x00000000d7600000)
 ParOldGen       total 40960K, used 2005K [0x0000000080000000, 0x0000000082800000, 0x00000000d5580000)
  object space 40960K, 4% used [0x0000000080000000,0x00000000801f5730,0x0000000082800000)
 Metaspace       used 7924K, capacity 8224K, committed 8320K, reserved 1056768K
  class space    used 1004K, capacity 1079K, committed 1152K, reserved 1048576K
}
Event: 3.027 GC heap before
{Heap before GC invocations=5 (full 0):
 PSYoungGen      total 33280K, used 33248K [0x00000000d5580000, 0x00000000d7880000, 0x0000000100000000)
  eden space 30720K, 100% used [0x00000000d5580000,0x00000000d7380000,0x00000000d7380000)
  from space 2560K, 98% used [0x00000000d7600000,0x00000000d7878020,0x00000000d7880000)
  to   space 2560K, 0% used [0x00000000d7380000,0x00000000d7380000,0x00000000d7600000)
 ParOldGen       total 40960K, used 2005K [0x0000000080000000, 0x0000000082800000, 0x00000000d5580000)
  object space 40960K, 4% used [0x0000000080000000,0x00000000801f5730,0x0000000082800000)
 Metaspace       used 12283K, capacity 12734K, committed 12928K, reserved 1060864K
  class space    used 1659K, capacity 1819K, committed 1920K, reserved 1048576K
Event: 3.040 GC heap after
Heap after GC invocations=5 (full 0):
 PSYoungGen      total 33280K, used 2528K [0x00000000d5580000, 0x00000000d9d80000, 0x0000000100000000)
  eden space 30720K, 0% used [0x00000000d5580000,0x00000000d5580000,0x00000000d7380000)
  from space 2560K, 98% used [0x00000000d7380000,0x00000000d75f8010,0x00000000d7600000)
  to   space 6144K, 0% used [0x00000000d9780000,0x00000000d9780000,0x00000000d9d80000)
 ParOldGen       total 40960K, used 5563K [0x0000000080000000, 0x0000000082800000, 0x00000000d5580000)
  object space 40960K, 13% used [0x0000000080000000,0x000000008056ee00,0x0000000082800000)
 Metaspace       used 12283K, capacity 12734K, committed 12928K, reserved 1060864K
  class space    used 1659K, capacity 1819K, committed 1920K, reserved 1048576K
}
Event: 3.581 GC heap before
{Heap before GC invocations=6 (full 0):
 PSYoungGen      total 33280K, used 33248K [0x00000000d5580000, 0x00000000d9d80000, 0x0000000100000000)
  eden space 30720K, 100% used [0x00000000d5580000,0x00000000d7380000,0x00000000d7380000)
  from space 2560K, 98% used [0x00000000d7380000,0x00000000d75f8010,0x00000000d7600000)
  to   space 6144K, 0% used [0x00000000d9780000,0x00000000d9780000,0x00000000d9d80000)
 ParOldGen       total 40960K, used 5563K [0x0000000080000000, 0x0000000082800000, 0x00000000d5580000)
  object space 40960K, 13% used [0x0000000080000000,0x000000008056ee00,0x0000000082800000)
 Metaspace       used 15659K, capacity 16312K, committed 16640K, reserved 1062912K
  class space    used 2063K, capacity 2240K, committed 2304K, reserved 1048576K
Event: 3.593 GC heap after
Heap after GC invocations=6 (full 0):
 PSYoungGen      total 66560K, used 5771K [0x00000000d5580000, 0x00000000d9f80000, 0x0000000100000000)
  eden space 60416K, 0% used [0x00000000d5580000,0x00000000d5580000,0x00000000d9080000)
  from space 6144K, 93% used [0x00000000d9780000,0x00000000d9d22d08,0x00000000d9d80000)
  to   space 7168K, 0% used [0x00000000d9080000,0x00000000d9080000,0x00000000d9780000)
 ParOldGen       total 40960K, used 5571K [0x0000000080000000, 0x0000000082800000, 0x00000000d5580000)
  object space 40960K, 13% used [0x0000000080000000,0x0000000080570e00,0x0000000082800000)
 Metaspace       used 15659K, capacity 16312K, committed 16640K, reserved 1062912K
  class space    used 2063K, capacity 2240K, committed 2304K, reserved 1048576K
}
Event: 7.265 GC heap before
{Heap before GC invocations=7 (full 0):
 PSYoungGen      total 66560K, used 66187K [0x00000000d5580000, 0x00000000d9f80000, 0x0000000100000000)
  eden space 60416K, 100% used [0x00000000d5580000,0x00000000d9080000,0x00000000d9080000)
  from space 6144K, 93% used [0x00000000d9780000,0x00000000d9d22d08,0x00000000d9d80000)
  to   space 7168K, 0% used [0x00000000d9080000,0x00000000d9080000,0x00000000d9780000)
 ParOldGen       total 40960K, used 5571K [0x0000000080000000, 0x0000000082800000, 0x00000000d5580000)
  object space 40960K, 13% used [0x0000000080000000,0x0000000080570e00,0x0000000082800000)
 Metaspace       used 20110K, capacity 20780K, committed 20992K, reserved 1067008K
  class space    used 2803K, capacity 3014K, committed 3072K, reserved 1048576K

